2021-06-08 17:40:32,440 INFO com.cg.trg.app.SpringDataJpaAppApplication [restartedMain] Starting SpringDataJpaAppApplication using Java 1.8.0_281 on DESKTOP-B8FF4R1 with PID 18576 (F:\Corporate Training\IIHT\Capgemini-2021-May-React\Spring 5\Spring JPA\CR Projects\spring-data-jpa-app\target\classes started by Admin in F:\Corporate Training\IIHT\Capgemini-2021-May-React\Spring 5\Spring JPA\CR Projects\spring-data-jpa-app)
2021-06-08 17:40:32,443 DEBUG com.cg.trg.app.SpringDataJpaAppApplication [restartedMain] Running with Spring Boot v2.5.0, Spring v5.3.7
2021-06-08 17:40:32,443 INFO com.cg.trg.app.SpringDataJpaAppApplication [restartedMain] No active profile set, falling back to default profiles: default
2021-06-08 17:40:32,571 INFO org.springframework.boot.devtools.env.DevToolsPropertyDefaultsPostProcessor [restartedMain] Devtools property defaults active! Set 'spring.devtools.add-properties' to 'false' to disable
2021-06-08 17:40:32,572 INFO org.springframework.boot.devtools.env.DevToolsPropertyDefaultsPostProcessor [restartedMain] For additional web related logging consider setting the 'logging.level.web' property to 'DEBUG'
2021-06-08 17:40:33,969 INFO org.springframework.data.repository.config.RepositoryConfigurationDelegate [restartedMain] Bootstrapping Spring Data JPA repositories in DEFAULT mode.
2021-06-08 17:40:34,074 INFO org.springframework.data.repository.config.RepositoryConfigurationDelegate [restartedMain] Finished Spring Data repository scanning in 88 ms. Found 1 JPA repository interfaces.
2021-06-08 17:40:35,419 INFO org.springframework.context.support.PostProcessorRegistrationDelegate$BeanPostProcessorChecker [restartedMain] Bean 'management.metrics-org.springframework.boot.actuate.autoconfigure.metrics.MetricsProperties' of type [org.springframework.boot.actuate.autoconfigure.metrics.MetricsProperties] is not eligible for getting processed by all BeanPostProcessors (for example: not eligible for auto-proxying)
2021-06-08 17:40:35,420 INFO org.springframework.context.support.PostProcessorRegistrationDelegate$BeanPostProcessorChecker [restartedMain] Bean 'org.springframework.boot.actuate.autoconfigure.metrics.data.RepositoryMetricsAutoConfiguration' of type [org.springframework.boot.actuate.autoconfigure.metrics.data.RepositoryMetricsAutoConfiguration] is not eligible for getting processed by all BeanPostProcessors (for example: not eligible for auto-proxying)
2021-06-08 17:40:35,422 INFO org.springframework.context.support.PostProcessorRegistrationDelegate$BeanPostProcessorChecker [restartedMain] Bean 'org.springframework.boot.actuate.autoconfigure.metrics.export.simple.SimpleMetricsExportAutoConfiguration' of type [org.springframework.boot.actuate.autoconfigure.metrics.export.simple.SimpleMetricsExportAutoConfiguration] is not eligible for getting processed by all BeanPostProcessors (for example: not eligible for auto-proxying)
2021-06-08 17:40:35,427 INFO org.springframework.context.support.PostProcessorRegistrationDelegate$BeanPostProcessorChecker [restartedMain] Bean 'management.metrics.export.simple-org.springframework.boot.actuate.autoconfigure.metrics.export.simple.SimpleProperties' of type [org.springframework.boot.actuate.autoconfigure.metrics.export.simple.SimpleProperties] is not eligible for getting processed by all BeanPostProcessors (for example: not eligible for auto-proxying)
2021-06-08 17:40:35,432 INFO org.springframework.context.support.PostProcessorRegistrationDelegate$BeanPostProcessorChecker [restartedMain] Bean 'simpleConfig' of type [org.springframework.boot.actuate.autoconfigure.metrics.export.simple.SimplePropertiesConfigAdapter] is not eligible for getting processed by all BeanPostProcessors (for example: not eligible for auto-proxying)
2021-06-08 17:40:35,441 INFO org.springframework.context.support.PostProcessorRegistrationDelegate$BeanPostProcessorChecker [restartedMain] Bean 'org.springframework.boot.actuate.autoconfigure.metrics.MetricsAutoConfiguration' of type [org.springframework.boot.actuate.autoconfigure.metrics.MetricsAutoConfiguration] is not eligible for getting processed by all BeanPostProcessors (for example: not eligible for auto-proxying)
2021-06-08 17:40:35,443 INFO org.springframework.context.support.PostProcessorRegistrationDelegate$BeanPostProcessorChecker [restartedMain] Bean 'micrometerClock' of type [io.micrometer.core.instrument.Clock$1] is not eligible for getting processed by all BeanPostProcessors (for example: not eligible for auto-proxying)
2021-06-08 17:40:35,470 INFO org.springframework.context.support.PostProcessorRegistrationDelegate$BeanPostProcessorChecker [restartedMain] Bean 'simpleMeterRegistry' of type [io.micrometer.core.instrument.simple.SimpleMeterRegistry] is not eligible for getting processed by all BeanPostProcessors (for example: not eligible for auto-proxying)
2021-06-08 17:40:35,479 INFO org.springframework.context.support.PostProcessorRegistrationDelegate$BeanPostProcessorChecker [restartedMain] Bean 'repositoryTagsProvider' of type [org.springframework.boot.actuate.metrics.data.DefaultRepositoryTagsProvider] is not eligible for getting processed by all BeanPostProcessors (for example: not eligible for auto-proxying)
2021-06-08 17:40:35,481 INFO org.springframework.context.support.PostProcessorRegistrationDelegate$BeanPostProcessorChecker [restartedMain] Bean 'metricsRepositoryMethodInvocationListener' of type [org.springframework.boot.actuate.metrics.data.MetricsRepositoryMethodInvocationListener] is not eligible for getting processed by all BeanPostProcessors (for example: not eligible for auto-proxying)
2021-06-08 17:40:36,860 INFO org.springframework.boot.web.embedded.tomcat.TomcatWebServer [restartedMain] Tomcat initialized with port(s): 8081 (http)
2021-06-08 17:40:36,884 INFO org.apache.coyote.http11.Http11NioProtocol [restartedMain] Initializing ProtocolHandler ["http-nio-8081"]
2021-06-08 17:40:36,885 INFO org.apache.catalina.core.StandardService [restartedMain] Starting service [Tomcat]
2021-06-08 17:40:36,886 INFO org.apache.catalina.core.StandardEngine [restartedMain] Starting Servlet engine: [Apache Tomcat/9.0.46]
2021-06-08 17:40:36,892 INFO org.apache.catalina.core.AprLifecycleListener [restartedMain] Loaded Apache Tomcat Native library [1.2.27] using APR version [1.7.0].
2021-06-08 17:40:36,892 INFO org.apache.catalina.core.AprLifecycleListener [restartedMain] APR capabilities: IPv6 [true], sendfile [true], accept filters [false], random [true].
2021-06-08 17:40:36,892 INFO org.apache.catalina.core.AprLifecycleListener [restartedMain] APR/OpenSSL configuration: useAprConnector [false], useOpenSSL [true]
2021-06-08 17:40:36,901 INFO org.apache.catalina.core.AprLifecycleListener [restartedMain] OpenSSL successfully initialized [OpenSSL 1.1.1k  25 Mar 2021]
2021-06-08 17:40:37,195 INFO org.apache.catalina.core.ContainerBase.[Tomcat].[localhost].[/] [restartedMain] Initializing Spring embedded WebApplicationContext
2021-06-08 17:40:37,196 INFO org.springframework.boot.web.servlet.context.ServletWebServerApplicationContext [restartedMain] Root WebApplicationContext: initialization completed in 4622 ms
2021-06-08 17:40:37,826 INFO org.hibernate.jpa.internal.util.LogHelper [restartedMain] HHH000204: Processing PersistenceUnitInfo [name: default]
2021-06-08 17:40:37,988 INFO org.hibernate.Version [restartedMain] HHH000412: Hibernate ORM core version 5.4.31.Final
2021-06-08 17:40:38,303 INFO org.hibernate.annotations.common.Version [restartedMain] HCANN000001: Hibernate Commons Annotations {5.1.2.Final}
2021-06-08 17:40:38,539 INFO com.zaxxer.hikari.HikariDataSource [restartedMain] HikariPool-1 - Starting...
2021-06-08 17:40:38,730 INFO com.zaxxer.hikari.HikariDataSource [restartedMain] HikariPool-1 - Start completed.
2021-06-08 17:40:38,803 INFO org.hibernate.dialect.Dialect [restartedMain] HHH000400: Using dialect: org.hibernate.dialect.PostgreSQL10Dialect
2021-06-08 17:40:40,995 INFO org.hibernate.engine.transaction.jta.platform.internal.JtaPlatformInitiator [restartedMain] HHH000490: Using JtaPlatform implementation: [org.hibernate.engine.transaction.jta.platform.internal.NoJtaPlatform]
2021-06-08 17:40:41,268 INFO org.springframework.orm.jpa.LocalContainerEntityManagerFactoryBean [restartedMain] Initialized JPA EntityManagerFactory for persistence unit 'default'
2021-06-08 17:40:42,430 WARN org.springframework.boot.autoconfigure.orm.jpa.JpaBaseConfiguration$JpaWebConfiguration [restartedMain] spring.jpa.open-in-view is enabled by default. Therefore, database queries may be performed during view rendering. Explicitly configure spring.jpa.open-in-view to disable this warning
2021-06-08 17:40:43,718 INFO org.springframework.boot.devtools.autoconfigure.OptionalLiveReloadServer [restartedMain] LiveReload server is running on port 35729
2021-06-08 17:40:43,737 INFO org.springframework.boot.actuate.endpoint.web.EndpointLinksResolver [restartedMain] Exposing 1 endpoint(s) beneath base path '/actuator'
2021-06-08 17:40:43,776 INFO org.apache.coyote.http11.Http11NioProtocol [restartedMain] Starting ProtocolHandler ["http-nio-8081"]
2021-06-08 17:40:43,816 INFO org.springframework.boot.web.embedded.tomcat.TomcatWebServer [restartedMain] Tomcat started on port(s): 8081 (http) with context path ''
2021-06-08 17:40:43,850 INFO com.cg.trg.app.SpringDataJpaAppApplication [restartedMain] Started SpringDataJpaAppApplication in 12.045 seconds (JVM running for 13.486)
2021-06-08 17:40:43,953 INFO org.springframework.boot.availability.ApplicationAvailabilityBean [restartedMain] Application availability state LivenessState changed to CORRECT
2021-06-08 17:40:43,957 INFO org.springframework.boot.availability.ApplicationAvailabilityBean [restartedMain] Application availability state ReadinessState changed to ACCEPTING_TRAFFIC
2021-06-08 17:41:16,711 INFO org.apache.catalina.core.ContainerBase.[Tomcat].[localhost].[/] [http-nio-8081-exec-2] Initializing Spring DispatcherServlet 'dispatcherServlet'
2021-06-08 17:41:16,712 INFO org.springframework.web.servlet.DispatcherServlet [http-nio-8081-exec-2] Initializing Servlet 'dispatcherServlet'
2021-06-08 17:41:16,714 INFO org.springframework.web.servlet.DispatcherServlet [http-nio-8081-exec-2] Completed initialization in 2 ms
2021-06-08 17:41:16,776 DEBUG com.cg.trg.aspect.LoggingAspect [http-nio-8081-exec-2] Enter: com.cg.trg.controller.EmployeeController.getEmployeeList() with argument[s] = []
2021-06-08 17:41:16,811 DEBUG com.cg.trg.aspect.LoggingAspect [http-nio-8081-exec-2] Enter: com.cg.trg.service.EmployeeServiceImpl.getAllEmployees() with argument[s] = []
2021-06-08 17:41:16,959 DEBUG com.cg.trg.aspect.LoggingAspect [http-nio-8081-exec-2] Exit: com.cg.trg.service.EmployeeServiceImpl.getAllEmployees() with result = [Employee(empno=3, ename=Smith, hiredate=1996-11-25, job=Developer, sal=1000000.0, deptno=10), Employee(empno=1, ename=Ravi Kumar, hiredate=1999-10-15, job=Sr. Manager, sal=908000.0, deptno=10), Employee(empno=4, ename=Virat Kohli, hiredate=1996-10-25, job=Cricket Captian, sal=9908000.0, deptno=10), Employee(empno=5, ename=null, hiredate=1996-10-25, job=Developer, sal=708000.0, deptno=10), Employee(empno=6, ename=as, hiredate=1996-10-25, job=Developer, sal=708000.0, deptno=10)]
2021-06-08 17:41:17,010 DEBUG com.cg.trg.aspect.LoggingAspect [http-nio-8081-exec-2] Exit: com.cg.trg.controller.EmployeeController.getEmployeeList() with result = <200 OK OK,[Employee(empno=3, ename=Smith, hiredate=1996-11-25, job=Developer, sal=1000000.0, deptno=10), Employee(empno=1, ename=Ravi Kumar, hiredate=1999-10-15, job=Sr. Manager, sal=908000.0, deptno=10), Employee(empno=4, ename=Virat Kohli, hiredate=1996-10-25, job=Cricket Captian, sal=9908000.0, deptno=10), Employee(empno=5, ename=null, hiredate=1996-10-25, job=Developer, sal=708000.0, deptno=10), Employee(empno=6, ename=as, hiredate=1996-10-25, job=Developer, sal=708000.0, deptno=10)],[]>
2021-06-08 17:43:25,453 DEBUG com.cg.trg.aspect.LoggingAspect [http-nio-8081-exec-5] Enter: com.cg.trg.controller.EmployeeController.findByJobAndSalaryGreaterThan() with argument[s] = [Developer, 500000.0]
2021-06-08 17:43:25,455 DEBUG com.cg.trg.aspect.LoggingAspect [http-nio-8081-exec-5] Enter: com.cg.trg.service.EmployeeServiceImpl.findByJobAndSalaryGreaterThan() with argument[s] = [Developer, 500000.0]
2021-06-08 17:43:25,494 DEBUG com.cg.trg.aspect.LoggingAspect [http-nio-8081-exec-5] Exit: com.cg.trg.service.EmployeeServiceImpl.findByJobAndSalaryGreaterThan() with result = [Employee(empno=3, ename=Smith, hiredate=1996-11-25, job=Developer, sal=1000000.0, deptno=10), Employee(empno=5, ename=null, hiredate=1996-10-25, job=Developer, sal=708000.0, deptno=10), Employee(empno=6, ename=as, hiredate=1996-10-25, job=Developer, sal=708000.0, deptno=10)]
2021-06-08 17:43:25,495 DEBUG com.cg.trg.aspect.LoggingAspect [http-nio-8081-exec-5] Exit: com.cg.trg.controller.EmployeeController.findByJobAndSalaryGreaterThan() with result = <200 OK OK,[Employee(empno=3, ename=Smith, hiredate=1996-11-25, job=Developer, sal=1000000.0, deptno=10), Employee(empno=5, ename=null, hiredate=1996-10-25, job=Developer, sal=708000.0, deptno=10), Employee(empno=6, ename=as, hiredate=1996-10-25, job=Developer, sal=708000.0, deptno=10)],[]>
